Using pre-set license
Built from '2020.3/staging' branch; Version is '2020.3.19f1 (68f137dc9bbe) revision 6877495'; Using compiler version '192528614'; Build Type 'Release'
OS: 'Windows 10 Home; OS build 19043.1586; Version 2009; 64bit' Language: 'es' Physical Memory: 16333 MB
BatchMode: 1, IsHumanControllingUs: 0, StartBugReporterOnCrash: 0, Is64bit: 1, IsPro: 0

COMMAND LINE ARGUMENTS:
C:\Program Files\Unity\Hub\Editor\2020.3.19f1\Editor\Unity.exe
-adb2
-batchMode
-noUpm
-name
AssetImportWorker0
-projectPath
D:/Git Hub/Entregable8/Entregable8_8
-logFile
Logs/AssetImportWorker0.log
-srvPort
53885
Successfully changed project path to: D:/Git Hub/Entregable8/Entregable8_8
D:/Git Hub/Entregable8/Entregable8_8
Using Asset Import Pipeline V2.
Refreshing native plugins compatible for Editor in 23.74 ms, found 2 plugins.
Preloading 0 native plugins for Editor in 0.00 ms.
Initialize engine version: 2020.3.19f1 (68f137dc9bbe)
[Subsystems] Discovering subsystems at path C:/Program Files/Unity/Hub/Editor/2020.3.19f1/Editor/Data/Resources/UnitySubsystems
[Subsystems] Discovering subsystems at path D:/Git Hub/Entregable8/Entregable8_8/Assets
GfxDevice: creating device client; threaded=0
Direct3D:
    Version:  Direct3D 11.0 [level 11.1]
    Renderer: Radeon RX 580 Series (ID=0x67df)
    Vendor:   
    VRAM:     8171 MB
    Driver:   30.0.13023.4001
Initialize mono
Mono path[0] = 'C:/Program Files/Unity/Hub/Editor/2020.3.19f1/Editor/Data/Managed'
Mono path[1] = 'C:/Program Files/Unity/Hub/Editor/2020.3.19f1/Editor/Data/MonoBleedingEdge/lib/mono/unityjit'
Mono config path = 'C:/Program Files/Unity/Hub/Editor/2020.3.19f1/Editor/Data/MonoBleedingEdge/etc'
Using monoOptions --debugger-agent=transport=dt_socket,embedding=1,server=y,suspend=n,address=127.0.0.1:56320
Begin MonoManager ReloadAssembly
Registering precompiled unity dll's ...
Register platform support module: C:/Program Files/Unity/Hub/Editor/2020.3.19f1/Editor/Data/PlaybackEngines/WindowsStandaloneSupport/UnityEditor.WindowsStandalone.Extensions.dll
Registered in 0.001640 seconds.
Native extension for WindowsStandalone target not found
Refreshing native plugins compatible for Editor in 23.75 ms, found 2 plugins.
Preloading 0 native plugins for Editor in 0.00 ms.
Mono: successfully reloaded assembly
- Completed reload, in  0.876 seconds
Domain Reload Profiling:
	ReloadAssembly (876ms)
		BeginReloadAssembly (44ms)
			ExecutionOrderSort (0ms)
			DisableScriptedObjects (0ms)
			BackupInstance (0ms)
			ReleaseScriptingObjects (0ms)
			CreateAndSetChildDomain (1ms)
		EndReloadAssembly (315ms)
			LoadAssemblies (42ms)
			RebuildTransferFunctionScriptingTraits (0ms)
			SetupTypeCache (120ms)
			ReleaseScriptCaches (0ms)
			RebuildScriptCaches (24ms)
			SetupLoadedEditorAssemblies (118ms)
				LogAssemblyErrors (0ms)
				InitializePlatformSupportModulesInManaged (3ms)
				SetLoadedEditorAssemblies (0ms)
				RefreshPlugins (24ms)
				BeforeProcessingInitializeOnLoad (6ms)
				ProcessInitializeOnLoadAttributes (63ms)
				ProcessInitializeOnLoadMethodAttributes (22ms)
				AfterProcessingInitializeOnLoad (0ms)
				EditorAssembliesLoaded (0ms)
			ExecutionOrderSort2 (0ms)
			AwakeInstancesAfterBackupRestoration (0ms)
Platform modules already initialized, skipping
Registering precompiled user dll's ...
Registered in 0.001340 seconds.
Begin MonoManager ReloadAssembly
Native extension for WindowsStandalone target not found
Refreshing native plugins compatible for Editor in 0.28 ms, found 2 plugins.
Preloading 0 native plugins for Editor in 0.00 ms.
Mono: successfully reloaded assembly
- Completed reload, in  0.831 seconds
Domain Reload Profiling:
	ReloadAssembly (831ms)
		BeginReloadAssembly (115ms)
			ExecutionOrderSort (0ms)
			DisableScriptedObjects (3ms)
			BackupInstance (0ms)
			ReleaseScriptingObjects (0ms)
			CreateAndSetChildDomain (14ms)
		EndReloadAssembly (665ms)
			LoadAssemblies (63ms)
			RebuildTransferFunctionScriptingTraits (0ms)
			SetupTypeCache (206ms)
			ReleaseScriptCaches (0ms)
			RebuildScriptCaches (32ms)
			SetupLoadedEditorAssemblies (289ms)
				LogAssemblyErrors (0ms)
				InitializePlatformSupportModulesInManaged (4ms)
				SetLoadedEditorAssemblies (0ms)
				RefreshPlugins (0ms)
				BeforeProcessingInitializeOnLoad (41ms)
				ProcessInitializeOnLoadAttributes (235ms)
				ProcessInitializeOnLoadMethodAttributes (3ms)
				AfterProcessingInitializeOnLoad (5ms)
				EditorAssembliesLoaded (0ms)
			ExecutionOrderSort2 (0ms)
			AwakeInstancesAfterBackupRestoration (5ms)
Platform modules already initialized, skipping
========================================================================
Worker process is ready to serve import requests
Launched and connected shader compiler UnityShaderCompiler.exe after 0.04 seconds
Refreshing native plugins compatible for Editor in 0.29 ms, found 2 plugins.
Preloading 0 native plugins for Editor in 0.00 ms.
Unloading 1397 Unused Serialized files (Serialized files now loaded: 0)
System memory in use before: 64.8 MB.
System memory in use after: 64.9 MB.

Unloading 16 unused Assets to reduce memory usage. Loaded Objects now: 1832.
Total: 2.452500 ms (FindLiveObjects: 0.150800 ms CreateObjectMapping: 0.035900 ms MarkObjects: 2.218400 ms  DeleteObjects: 0.046600 ms)

AssetImportParameters requested are different than current active one (requested -> active):
  custom:framework-win-MediaFoundation: 216162199b28c13a410421893ffa2e32 -> 
  custom:video-decoder-ogg-theora: a1e56fd34408186e4bbccfd4996cb3dc -> 
  custom:container-muxer-webm: aa71ff27fc2769a1b78a27578f13a17b -> 
  custom:container-demuxer-webm: 4f35f7cbe854078d1ac9338744f61a02 -> 
  custom:container-demuxer-ogg: 62fdf1f143b41e24485cea50d1cbac27 -> 
  custom:video-encoder-webm-vp8: eb34c28f22e8b96e1ab97ce403110664 -> 
  custom:video-decoder-webm-vp8: 9c59270c3fd7afecdb556c50c9e8de78 -> 
  custom:audio-decoder-ogg-vorbis: bf7c407c2cedff20999df2af8eb42d56 -> 
  custom:audio-encoder-webm-vorbis: bf7c407c2cedff20999df2af8eb42d56 -> 
========================================================================
Received Import Request.
  path: Assets
  artifactKey: Guid(00000000000000001000000000000000) Importer(815301076,1909f56bfc062723c751e8b465ee728b)
Start importing Assets using Guid(00000000000000001000000000000000) Importer(815301076,1909f56bfc062723c751e8b465ee728b)  -> (artifact id: '42d402b061de3733987d63b9cc3b64de') in 0.008378 seconds 
  Import took 0.010227 seconds .

========================================================================
Received Import Request.
  Time since last request: 6.691775 seconds.
  path: Assets/AudioManager.cs
  artifactKey: Guid(7f3ffada88007284b9a537a6d05880e9) Importer(815301076,1909f56bfc062723c751e8b465ee728b)
Start importing Assets/AudioManager.cs using Guid(7f3ffada88007284b9a537a6d05880e9) Importer(815301076,1909f56bfc062723c751e8b465ee728b)  -> (artifact id: 'dfc6d5a77edc5d4530a6a281a9e6faf9') in 0.022987 seconds 
  Import took 0.025068 seconds .

========================================================================
Received Prepare
Registering precompiled user dll's ...
Registered in 0.001340 seconds.
Begin MonoManager ReloadAssembly
Native extension for WindowsStandalone target not found
Refreshing native plugins compatible for Editor in 0.28 ms, found 2 plugins.
Preloading 0 native plugins for Editor in 0.00 ms.
Mono: successfully reloaded assembly
- Completed reload, in  0.735 seconds
Domain Reload Profiling:
	ReloadAssembly (735ms)
		BeginReloadAssembly (96ms)
			ExecutionOrderSort (0ms)
			DisableScriptedObjects (3ms)
			BackupInstance (0ms)
			ReleaseScriptingObjects (0ms)
			CreateAndSetChildDomain (24ms)
		EndReloadAssembly (584ms)
			LoadAssemblies (62ms)
			RebuildTransferFunctionScriptingTraits (0ms)
			SetupTypeCache (213ms)
			ReleaseScriptCaches (1ms)
			RebuildScriptCaches (30ms)
			SetupLoadedEditorAssemblies (201ms)
				LogAssemblyErrors (0ms)
				InitializePlatformSupportModulesInManaged (4ms)
				SetLoadedEditorAssemblies (0ms)
				RefreshPlugins (0ms)
				BeforeProcessingInitializeOnLoad (36ms)
				ProcessInitializeOnLoadAttributes (152ms)
				ProcessInitializeOnLoadMethodAttributes (3ms)
				AfterProcessingInitializeOnLoad (5ms)
				EditorAssembliesLoaded (0ms)
			ExecutionOrderSort2 (0ms)
			AwakeInstancesAfterBackupRestoration (5ms)
Platform modules already initialized, skipping
Refreshing native plugins compatible for Editor in 0.21 ms, found 2 plugins.
Preloading 0 native plugins for Editor in 0.00 ms.
Unloading 1392 Unused Serialized files (Serialized files now loaded: 0)
System memory in use before: 64.6 MB.
System memory in use after: 64.8 MB.

Unloading 11 unused Assets to reduce memory usage. Loaded Objects now: 1835.
Total: 2.448600 ms (FindLiveObjects: 0.128400 ms CreateObjectMapping: 0.035600 ms MarkObjects: 2.271700 ms  DeleteObjects: 0.012100 ms)

AssetImportParameters requested are different than current active one (requested -> active):
  custom:framework-win-MediaFoundation: 216162199b28c13a410421893ffa2e32 -> 
  custom:video-decoder-ogg-theora: a1e56fd34408186e4bbccfd4996cb3dc -> 
  custom:container-muxer-webm: aa71ff27fc2769a1b78a27578f13a17b -> 
  custom:container-demuxer-webm: 4f35f7cbe854078d1ac9338744f61a02 -> 
  custom:container-demuxer-ogg: 62fdf1f143b41e24485cea50d1cbac27 -> 
  custom:video-encoder-webm-vp8: eb34c28f22e8b96e1ab97ce403110664 -> 
  custom:video-decoder-webm-vp8: 9c59270c3fd7afecdb556c50c9e8de78 -> 
  custom:audio-decoder-ogg-vorbis: bf7c407c2cedff20999df2af8eb42d56 -> 
  custom:audio-encoder-webm-vorbis: bf7c407c2cedff20999df2af8eb42d56 -> 
========================================================================
Received Import Request.
  Time since last request: 365.843902 seconds.
  path: Assets/AudioManager.cs
  artifactKey: Guid(7f3ffada88007284b9a537a6d05880e9) Importer(815301076,1909f56bfc062723c751e8b465ee728b)
Start importing Assets/AudioManager.cs using Guid(7f3ffada88007284b9a537a6d05880e9) Importer(815301076,1909f56bfc062723c751e8b465ee728b)  -> (artifact id: '439b3597d4b301e783f22c9220f583ae') in 0.004100 seconds 
  Import took 0.006258 seconds .

========================================================================
Received Prepare
Registering precompiled user dll's ...
Registered in 0.001432 seconds.
Begin MonoManager ReloadAssembly
Native extension for WindowsStandalone target not found
Refreshing native plugins compatible for Editor in 0.32 ms, found 2 plugins.
Preloading 0 native plugins for Editor in 0.00 ms.
Mono: successfully reloaded assembly
- Completed reload, in  0.750 seconds
Domain Reload Profiling:
	ReloadAssembly (750ms)
		BeginReloadAssembly (93ms)
			ExecutionOrderSort (0ms)
			DisableScriptedObjects (3ms)
			BackupInstance (0ms)
			ReleaseScriptingObjects (0ms)
			CreateAndSetChildDomain (26ms)
		EndReloadAssembly (596ms)
			LoadAssemblies (63ms)
			RebuildTransferFunctionScriptingTraits (0ms)
			SetupTypeCache (214ms)
			ReleaseScriptCaches (1ms)
			RebuildScriptCaches (30ms)
			SetupLoadedEditorAssemblies (214ms)
				LogAssemblyErrors (0ms)
				InitializePlatformSupportModulesInManaged (4ms)
				SetLoadedEditorAssemblies (0ms)
				RefreshPlugins (0ms)
				BeforeProcessingInitializeOnLoad (37ms)
				ProcessInitializeOnLoadAttributes (163ms)
				ProcessInitializeOnLoadMethodAttributes (4ms)
				AfterProcessingInitializeOnLoad (5ms)
				EditorAssembliesLoaded (0ms)
			ExecutionOrderSort2 (0ms)
			AwakeInstancesAfterBackupRestoration (6ms)
Platform modules already initialized, skipping
Refreshing native plugins compatible for Editor in 0.23 ms, found 2 plugins.
Preloading 0 native plugins for Editor in 0.00 ms.
Unloading 1392 Unused Serialized files (Serialized files now loaded: 0)
System memory in use before: 64.7 MB.
System memory in use after: 64.8 MB.

Unloading 11 unused Assets to reduce memory usage. Loaded Objects now: 1837.
Total: 2.372300 ms (FindLiveObjects: 0.122000 ms CreateObjectMapping: 0.032600 ms MarkObjects: 2.201800 ms  DeleteObjects: 0.015100 ms)

AssetImportParameters requested are different than current active one (requested -> active):
  custom:framework-win-MediaFoundation: 216162199b28c13a410421893ffa2e32 -> 
  custom:video-decoder-ogg-theora: a1e56fd34408186e4bbccfd4996cb3dc -> 
  custom:container-muxer-webm: aa71ff27fc2769a1b78a27578f13a17b -> 
  custom:container-demuxer-webm: 4f35f7cbe854078d1ac9338744f61a02 -> 
  custom:container-demuxer-ogg: 62fdf1f143b41e24485cea50d1cbac27 -> 
  custom:video-encoder-webm-vp8: eb34c28f22e8b96e1ab97ce403110664 -> 
  custom:video-decoder-webm-vp8: 9c59270c3fd7afecdb556c50c9e8de78 -> 
  custom:audio-decoder-ogg-vorbis: bf7c407c2cedff20999df2af8eb42d56 -> 
  custom:audio-encoder-webm-vorbis: bf7c407c2cedff20999df2af8eb42d56 -> 
========================================================================
Received Import Request.
  Time since last request: 13.998057 seconds.
  path: Assets/AudioManager.cs
  artifactKey: Guid(7f3ffada88007284b9a537a6d05880e9) Importer(815301076,1909f56bfc062723c751e8b465ee728b)
Start importing Assets/AudioManager.cs using Guid(7f3ffada88007284b9a537a6d05880e9) Importer(815301076,1909f56bfc062723c751e8b465ee728b)  -> (artifact id: 'ea29ffa6a5a1c18d9e79ebb8815683ad') in 0.003368 seconds 
  Import took 0.005288 seconds .

========================================================================
Received Import Request.
  Time since last request: 18.824439 seconds.
  path: Assets/Audios
  artifactKey: Guid(e11e8a6178ae09446b9d35c6899d53e4) Importer(815301076,1909f56bfc062723c751e8b465ee728b)
Start importing Assets/Audios using Guid(e11e8a6178ae09446b9d35c6899d53e4) Importer(815301076,1909f56bfc062723c751e8b465ee728b)  -> (artifact id: 'e39349fc4446e3283cfe6f2239b96f58') in 0.005598 seconds 
  Import took 0.007597 seconds .

========================================================================
Received Import Request.
  Time since last request: 24.849145 seconds.
  path: Assets/Audios/Colorofmusic_-_Inspiring_Powerful_Motivational_Trailer.mp3
  artifactKey: Guid(73c90df90f46d2b459c93d27c41659e2) Importer(815301076,1909f56bfc062723c751e8b465ee728b)
Start importing Assets/Audios/Colorofmusic_-_Inspiring_Powerful_Motivational_Trailer.mp3 using Guid(73c90df90f46d2b459c93d27c41659e2) Importer(815301076,1909f56bfc062723c751e8b465ee728b)  -> (artifact id: 'beec1c7cdcc9488b4e69ec5719945796') in 0.062988 seconds 
  Import took 0.065108 seconds .

========================================================================
Received Import Request.
  Time since last request: 0.000141 seconds.
  path: Assets/Audios/Grégoire_Lourme_-_A_Hero_Epic_Adventures.mp3
  artifactKey: Guid(f84c643c161c04d41955b579fb752134) Importer(815301076,1909f56bfc062723c751e8b465ee728b)
Start importing Assets/Audios/Grégoire_Lourme_-_A_Hero_Epic_Adventures.mp3 using Guid(f84c643c161c04d41955b579fb752134) Importer(815301076,1909f56bfc062723c751e8b465ee728b)  -> (artifact id: '408dbe57b5aa48daaf73b8982a9f81d0') in 0.012688 seconds 
  Import took 0.014571 seconds .

========================================================================
Received Import Request.
  Time since last request: 0.000118 seconds.
  path: Assets/Audios/soundbay_-_Epic_Cinematic.mp3
  artifactKey: Guid(224772831e8ea6640a474de19a8e29c4) Importer(815301076,1909f56bfc062723c751e8b465ee728b)
Start importing Assets/Audios/soundbay_-_Epic_Cinematic.mp3 using Guid(224772831e8ea6640a474de19a8e29c4) Importer(815301076,1909f56bfc062723c751e8b465ee728b)  -> (artifact id: '88f6870f13651a4cbca62e0ed34d0e38') in 0.008271 seconds 
  Import took 0.010122 seconds .

========================================================================
Received Import Request.
  Time since last request: 70.742373 seconds.
  path: Assets/Audios/Dj_Wallace_-_LANDR-DJ_Wallace_beat_Again_Master.mp3
  artifactKey: Guid(e26fb28d37d3f7540958faf217e67e92) Importer(815301076,1909f56bfc062723c751e8b465ee728b)
Start importing Assets/Audios/Dj_Wallace_-_LANDR-DJ_Wallace_beat_Again_Master.mp3 using Guid(e26fb28d37d3f7540958faf217e67e92) Importer(815301076,1909f56bfc062723c751e8b465ee728b)  -> (artifact id: '8651bba9e45c44a688dbf49175076fff') in 0.009005 seconds 
  Import took 0.011253 seconds .

========================================================================
Received Import Request.
  Time since last request: 0.000158 seconds.
  path: Assets/Audios/The_Devil_Music_Co._-_Fire__Fire.mp3
  artifactKey: Guid(8c2cb3c113823bb48b72857530c90b8c) Importer(815301076,1909f56bfc062723c751e8b465ee728b)
Start importing Assets/Audios/The_Devil_Music_Co._-_Fire__Fire.mp3 using Guid(8c2cb3c113823bb48b72857530c90b8c) Importer(815301076,1909f56bfc062723c751e8b465ee728b)  -> (artifact id: '0491b888f2c536d3619df35d406eed05') in 0.008146 seconds 
  Import took 0.010164 seconds .

========================================================================
Received Import Request.
  Time since last request: 0.000168 seconds.
  path: Assets/Audios/Square_a_Saw_-_Crazy_About_You.mp3
  artifactKey: Guid(a4b150694a78a9847aa82eb58054fb1d) Importer(815301076,1909f56bfc062723c751e8b465ee728b)
Start importing Assets/Audios/Square_a_Saw_-_Crazy_About_You.mp3 using Guid(a4b150694a78a9847aa82eb58054fb1d) Importer(815301076,1909f56bfc062723c751e8b465ee728b)  -> (artifact id: 'a6434bc4733799bd2124881c0e16fb03') in 0.008607 seconds 
  Import took 0.010514 seconds .

========================================================================
Received Import Request.
  Time since last request: 0.000145 seconds.
  path: Assets/Audios/while_e_-_I_Was.mp3
  artifactKey: Guid(e8acd575fbb78db4cbbcfab409d7ce48) Importer(815301076,1909f56bfc062723c751e8b465ee728b)
Start importing Assets/Audios/while_e_-_I_Was.mp3 using Guid(e8acd575fbb78db4cbbcfab409d7ce48) Importer(815301076,1909f56bfc062723c751e8b465ee728b)  -> (artifact id: '5a9fa385a2dbbb206cfa0728ff31ac61') in 0.008505 seconds 
  Import took 0.010387 seconds .

========================================================================
Received Import Request.
  Time since last request: 0.000177 seconds.
  path: Assets/Audios/The_Jaygles_-_Last_Song.mp3
  artifactKey: Guid(b384f12d45fbd594797962ad163d4f84) Importer(815301076,1909f56bfc062723c751e8b465ee728b)
Start importing Assets/Audios/The_Jaygles_-_Last_Song.mp3 using Guid(b384f12d45fbd594797962ad163d4f84) Importer(815301076,1909f56bfc062723c751e8b465ee728b)  -> (artifact id: '44d951647531656f2c3103964d673bc6') in 0.008679 seconds 
  Import took 0.010753 seconds .

========================================================================
Received Import Request.
  Time since last request: 0.000170 seconds.
  path: Assets/Audios/Estudiante_-_Hello.mp3
  artifactKey: Guid(a99965f7b10d9e4409c2c7cf3473ef5c) Importer(815301076,1909f56bfc062723c751e8b465ee728b)
Start importing Assets/Audios/Estudiante_-_Hello.mp3 using Guid(a99965f7b10d9e4409c2c7cf3473ef5c) Importer(815301076,1909f56bfc062723c751e8b465ee728b)  -> (artifact id: '4bf17bdf2ff572030639405c937a9e49') in 0.009762 seconds 
  Import took 0.011782 seconds .

========================================================================
Received Import Request.
  Time since last request: 37.205492 seconds.
  path: Assets/Prefabs
  artifactKey: Guid(054c40a6cc9757c4192aadb1603eac70) Importer(815301076,1909f56bfc062723c751e8b465ee728b)
Start importing Assets/Prefabs using Guid(054c40a6cc9757c4192aadb1603eac70) Importer(815301076,1909f56bfc062723c751e8b465ee728b)  -> (artifact id: '914049e746dbf039498b13fc3824153b') in 0.004245 seconds 
  Import took 0.006315 seconds .

========================================================================
Received Prepare
Registering precompiled user dll's ...
Registered in 0.001493 seconds.
Begin MonoManager ReloadAssembly
Native extension for WindowsStandalone target not found
Refreshing native plugins compatible for Editor in 0.29 ms, found 2 plugins.
Preloading 0 native plugins for Editor in 0.00 ms.
Mono: successfully reloaded assembly
- Completed reload, in  0.748 seconds
Domain Reload Profiling:
	ReloadAssembly (748ms)
		BeginReloadAssembly (94ms)
			ExecutionOrderSort (0ms)
			DisableScriptedObjects (3ms)
			BackupInstance (0ms)
			ReleaseScriptingObjects (0ms)
			CreateAndSetChildDomain (25ms)
		EndReloadAssembly (591ms)
			LoadAssemblies (70ms)
			RebuildTransferFunctionScriptingTraits (0ms)
			SetupTypeCache (205ms)
			ReleaseScriptCaches (1ms)
			RebuildScriptCaches (29ms)
			SetupLoadedEditorAssemblies (207ms)
				LogAssemblyErrors (0ms)
				InitializePlatformSupportModulesInManaged (4ms)
				SetLoadedEditorAssemblies (0ms)
				RefreshPlugins (0ms)
				BeforeProcessingInitializeOnLoad (37ms)
				ProcessInitializeOnLoadAttributes (158ms)
				ProcessInitializeOnLoadMethodAttributes (3ms)
				AfterProcessingInitializeOnLoad (5ms)
				EditorAssembliesLoaded (0ms)
			ExecutionOrderSort2 (0ms)
			AwakeInstancesAfterBackupRestoration (5ms)
Platform modules already initialized, skipping
Refreshing native plugins compatible for Editor in 0.27 ms, found 2 plugins.
Preloading 0 native plugins for Editor in 0.00 ms.
Unloading 1392 Unused Serialized files (Serialized files now loaded: 0)
System memory in use before: 67.8 MB.
System memory in use after: 67.9 MB.

Unloading 11 unused Assets to reduce memory usage. Loaded Objects now: 1848.
Total: 2.508500 ms (FindLiveObjects: 0.131200 ms CreateObjectMapping: 0.038800 ms MarkObjects: 2.326800 ms  DeleteObjects: 0.010700 ms)

AssetImportParameters requested are different than current active one (requested -> active):
  custom:framework-win-MediaFoundation: 216162199b28c13a410421893ffa2e32 -> 
  custom:video-decoder-ogg-theora: a1e56fd34408186e4bbccfd4996cb3dc -> 
  custom:container-muxer-webm: aa71ff27fc2769a1b78a27578f13a17b -> 
  custom:container-demuxer-webm: 4f35f7cbe854078d1ac9338744f61a02 -> 
  custom:container-demuxer-ogg: 62fdf1f143b41e24485cea50d1cbac27 -> 
  custom:video-encoder-webm-vp8: eb34c28f22e8b96e1ab97ce403110664 -> 
  custom:video-decoder-webm-vp8: 9c59270c3fd7afecdb556c50c9e8de78 -> 
  custom:audio-decoder-ogg-vorbis: bf7c407c2cedff20999df2af8eb42d56 -> 
  custom:audio-encoder-webm-vorbis: bf7c407c2cedff20999df2af8eb42d56 -> 
========================================================================
Received Prepare
Registering precompiled user dll's ...
Registered in 0.001375 seconds.
Begin MonoManager ReloadAssembly
Native extension for WindowsStandalone target not found
Refreshing native plugins compatible for Editor in 0.28 ms, found 2 plugins.
Preloading 0 native plugins for Editor in 0.00 ms.
Mono: successfully reloaded assembly
- Completed reload, in  0.741 seconds
Domain Reload Profiling:
	ReloadAssembly (742ms)
		BeginReloadAssembly (99ms)
			ExecutionOrderSort (0ms)
			DisableScriptedObjects (3ms)
			BackupInstance (0ms)
			ReleaseScriptingObjects (0ms)
			CreateAndSetChildDomain (27ms)
		EndReloadAssembly (589ms)
			LoadAssemblies (64ms)
			RebuildTransferFunctionScriptingTraits (0ms)
			SetupTypeCache (210ms)
			ReleaseScriptCaches (1ms)
			RebuildScriptCaches (30ms)
			SetupLoadedEditorAssemblies (207ms)
				LogAssemblyErrors (0ms)
				InitializePlatformSupportModulesInManaged (4ms)
				SetLoadedEditorAssemblies (0ms)
				RefreshPlugins (0ms)
				BeforeProcessingInitializeOnLoad (36ms)
				ProcessInitializeOnLoadAttributes (158ms)
				ProcessInitializeOnLoadMethodAttributes (3ms)
				AfterProcessingInitializeOnLoad (5ms)
				EditorAssembliesLoaded (0ms)
			ExecutionOrderSort2 (0ms)
			AwakeInstancesAfterBackupRestoration (5ms)
Platform modules already initialized, skipping
Refreshing native plugins compatible for Editor in 0.27 ms, found 2 plugins.
Preloading 0 native plugins for Editor in 0.00 ms.
Unloading 1392 Unused Serialized files (Serialized files now loaded: 0)
System memory in use before: 67.8 MB.
System memory in use after: 67.9 MB.

Unloading 11 unused Assets to reduce memory usage. Loaded Objects now: 1850.
Total: 2.325900 ms (FindLiveObjects: 0.121100 ms CreateObjectMapping: 0.029400 ms MarkObjects: 2.164100 ms  DeleteObjects: 0.010700 ms)

AssetImportParameters requested are different than current active one (requested -> active):
  custom:framework-win-MediaFoundation: 216162199b28c13a410421893ffa2e32 -> 
  custom:video-decoder-ogg-theora: a1e56fd34408186e4bbccfd4996cb3dc -> 
  custom:container-muxer-webm: aa71ff27fc2769a1b78a27578f13a17b -> 
  custom:container-demuxer-webm: 4f35f7cbe854078d1ac9338744f61a02 -> 
  custom:container-demuxer-ogg: 62fdf1f143b41e24485cea50d1cbac27 -> 
  custom:video-encoder-webm-vp8: eb34c28f22e8b96e1ab97ce403110664 -> 
  custom:video-decoder-webm-vp8: 9c59270c3fd7afecdb556c50c9e8de78 -> 
  custom:audio-decoder-ogg-vorbis: bf7c407c2cedff20999df2af8eb42d56 -> 
  custom:audio-encoder-webm-vorbis: bf7c407c2cedff20999df2af8eb42d56 -> 
========================================================================
Received Prepare
Registering precompiled user dll's ...
Registered in 0.001338 seconds.
Begin MonoManager ReloadAssembly
Native extension for WindowsStandalone target not found
Refreshing native plugins compatible for Editor in 0.31 ms, found 2 plugins.
Preloading 0 native plugins for Editor in 0.00 ms.
Mono: successfully reloaded assembly
- Completed reload, in  0.740 seconds
Domain Reload Profiling:
	ReloadAssembly (741ms)
		BeginReloadAssembly (99ms)
			ExecutionOrderSort (0ms)
			DisableScriptedObjects (3ms)
			BackupInstance (0ms)
			ReleaseScriptingObjects (0ms)
			CreateAndSetChildDomain (25ms)
		EndReloadAssembly (588ms)
			LoadAssemblies (63ms)
			RebuildTransferFunctionScriptingTraits (0ms)
			SetupTypeCache (212ms)
			ReleaseScriptCaches (1ms)
			RebuildScriptCaches (30ms)
			SetupLoadedEditorAssemblies (206ms)
				LogAssemblyErrors (0ms)
				InitializePlatformSupportModulesInManaged (4ms)
				SetLoadedEditorAssemblies (0ms)
				RefreshPlugins (0ms)
				BeforeProcessingInitializeOnLoad (37ms)
				ProcessInitializeOnLoadAttributes (156ms)
				ProcessInitializeOnLoadMethodAttributes (3ms)
				AfterProcessingInitializeOnLoad (5ms)
				EditorAssembliesLoaded (0ms)
			ExecutionOrderSort2 (0ms)
			AwakeInstancesAfterBackupRestoration (5ms)
Platform modules already initialized, skipping
Refreshing native plugins compatible for Editor in 0.27 ms, found 2 plugins.
Preloading 0 native plugins for Editor in 0.00 ms.
Unloading 1392 Unused Serialized files (Serialized files now loaded: 0)
System memory in use before: 67.8 MB.
System memory in use after: 67.9 MB.

Unloading 11 unused Assets to reduce memory usage. Loaded Objects now: 1852.
Total: 2.372400 ms (FindLiveObjects: 0.124700 ms CreateObjectMapping: 0.033800 ms MarkObjects: 2.201900 ms  DeleteObjects: 0.010800 ms)

AssetImportParameters requested are different than current active one (requested -> active):
  custom:framework-win-MediaFoundation: 216162199b28c13a410421893ffa2e32 -> 
  custom:video-decoder-ogg-theora: a1e56fd34408186e4bbccfd4996cb3dc -> 
  custom:container-muxer-webm: aa71ff27fc2769a1b78a27578f13a17b -> 
  custom:container-demuxer-webm: 4f35f7cbe854078d1ac9338744f61a02 -> 
  custom:container-demuxer-ogg: 62fdf1f143b41e24485cea50d1cbac27 -> 
  custom:video-encoder-webm-vp8: eb34c28f22e8b96e1ab97ce403110664 -> 
  custom:video-decoder-webm-vp8: 9c59270c3fd7afecdb556c50c9e8de78 -> 
  custom:audio-decoder-ogg-vorbis: bf7c407c2cedff20999df2af8eb42d56 -> 
  custom:audio-encoder-webm-vorbis: bf7c407c2cedff20999df2af8eb42d56 -> 
========================================================================
Received Import Request.
  Time since last request: 601.030597 seconds.
  path: Assets/b034672ce5fa2f109d0becbef7acc374.png
  artifactKey: Guid(a03dabc6a5ca1af418680c22ded36db1) Importer(815301076,1909f56bfc062723c751e8b465ee728b)
Start importing Assets/b034672ce5fa2f109d0becbef7acc374.png using Guid(a03dabc6a5ca1af418680c22ded36db1) Importer(815301076,1909f56bfc062723c751e8b465ee728b)  -> (artifact id: '573b395ac4fec8e07c09922309099762') in 0.029266 seconds 
  Import took 0.031691 seconds .

========================================================================
Received Import Request.
  Time since last request: 7.957753 seconds.
  path: Assets/Images&Sprites
  artifactKey: Guid(699a94177b1ab144a8ca2f0c6f7cefd8) Importer(815301076,1909f56bfc062723c751e8b465ee728b)
Start importing Assets/Images&Sprites using Guid(699a94177b1ab144a8ca2f0c6f7cefd8) Importer(815301076,1909f56bfc062723c751e8b465ee728b)  -> (artifact id: '91a1b926f12c0fc1d191c32d2e5f6ac6') in 0.003990 seconds 
  Import took 0.006013 seconds .

========================================================================
Received Import Request.
  Time since last request: 8.414939 seconds.
  path: Assets/Images&Sprites/b034672ce5fa2f109d0becbef7acc374.png
  artifactKey: Guid(a03dabc6a5ca1af418680c22ded36db1) Importer(815301076,1909f56bfc062723c751e8b465ee728b)
Start importing Assets/Images&Sprites/b034672ce5fa2f109d0becbef7acc374.png using Guid(a03dabc6a5ca1af418680c22ded36db1) Importer(815301076,1909f56bfc062723c751e8b465ee728b)  -> (artifact id: '1299687a15c139234457302951719966') in 0.023484 seconds 
  Import took 0.027065 seconds .

========================================================================
Received Prepare
Registering precompiled user dll's ...
Registered in 0.001319 seconds.
Begin MonoManager ReloadAssembly
Native extension for WindowsStandalone target not found
Refreshing native plugins compatible for Editor in 0.32 ms, found 2 plugins.
Preloading 0 native plugins for Editor in 0.00 ms.
Mono: successfully reloaded assembly
- Completed reload, in  0.753 seconds
Domain Reload Profiling:
	ReloadAssembly (753ms)
		BeginReloadAssembly (93ms)
			ExecutionOrderSort (0ms)
			DisableScriptedObjects (3ms)
			BackupInstance (0ms)
			ReleaseScriptingObjects (0ms)
			CreateAndSetChildDomain (25ms)
		EndReloadAssembly (606ms)
			LoadAssemblies (63ms)
			RebuildTransferFunctionScriptingTraits (0ms)
			SetupTypeCache (225ms)
			ReleaseScriptCaches (1ms)
			RebuildScriptCaches (31ms)
			SetupLoadedEditorAssemblies (201ms)
				LogAssemblyErrors (0ms)
				InitializePlatformSupportModulesInManaged (4ms)
				SetLoadedEditorAssemblies (0ms)
				RefreshPlugins (0ms)
				BeforeProcessingInitializeOnLoad (37ms)
				ProcessInitializeOnLoadAttributes (151ms)
				ProcessInitializeOnLoadMethodAttributes (3ms)
				AfterProcessingInitializeOnLoad (5ms)
				EditorAssembliesLoaded (0ms)
			ExecutionOrderSort2 (0ms)
			AwakeInstancesAfterBackupRestoration (5ms)
Platform modules already initialized, skipping
Refreshing native plugins compatible for Editor in 0.27 ms, found 2 plugins.
Preloading 0 native plugins for Editor in 0.00 ms.
Unloading 1439 Unused Serialized files (Serialized files now loaded: 0)
System memory in use before: 71.0 MB.
System memory in use after: 70.4 MB.

Unloading 24 unused Assets to reduce memory usage. Loaded Objects now: 1893.
Total: 2.546600 ms (FindLiveObjects: 0.125000 ms CreateObjectMapping: 0.030800 ms MarkObjects: 2.154600 ms  DeleteObjects: 0.234900 ms)

AssetImportParameters requested are different than current active one (requested -> active):
  custom:framework-win-MediaFoundation: 216162199b28c13a410421893ffa2e32 -> 
  custom:video-decoder-ogg-theora: a1e56fd34408186e4bbccfd4996cb3dc -> 
  custom:container-muxer-webm: aa71ff27fc2769a1b78a27578f13a17b -> 
  custom:container-demuxer-webm: 4f35f7cbe854078d1ac9338744f61a02 -> 
  custom:container-demuxer-ogg: 62fdf1f143b41e24485cea50d1cbac27 -> 
  custom:video-encoder-webm-vp8: eb34c28f22e8b96e1ab97ce403110664 -> 
  custom:video-decoder-webm-vp8: 9c59270c3fd7afecdb556c50c9e8de78 -> 
  custom:audio-decoder-ogg-vorbis: bf7c407c2cedff20999df2af8eb42d56 -> 
  custom:audio-encoder-webm-vorbis: bf7c407c2cedff20999df2af8eb42d56 -> 
========================================================================
Received Import Request.
  Time since last request: 363.660730 seconds.
  path: Assets/TextMesh Pro
  artifactKey: Guid(f54d1bd14bd3ca042bd867b519fee8cc) Importer(815301076,1909f56bfc062723c751e8b465ee728b)
Start importing Assets/TextMesh Pro using Guid(f54d1bd14bd3ca042bd867b519fee8cc) Importer(815301076,1909f56bfc062723c751e8b465ee728b)  -> (artifact id: '16b4cbde9565bf190136f1148817e1ea') in 0.006917 seconds 
  Import took 0.008981 seconds .

========================================================================
Received Import Request.
  Time since last request: 1.373893 seconds.
  path: Assets/TextMesh Pro/Fonts
  artifactKey: Guid(6ab70aee4d56447429c680537fbf93ed) Importer(815301076,1909f56bfc062723c751e8b465ee728b)
Start importing Assets/TextMesh Pro/Fonts using Guid(6ab70aee4d56447429c680537fbf93ed) Importer(815301076,1909f56bfc062723c751e8b465ee728b)  -> (artifact id: 'c860dfdf0522eec1202f36843e52d436') in 0.004010 seconds 
  Import took 0.006117 seconds .

========================================================================
Received Import Request.
  Time since last request: 0.070170 seconds.
  path: Assets/TextMesh Pro/Fonts/LiberationSans.ttf
  artifactKey: Guid(e3265ab4bf004d28a9537516768c1c75) Importer(815301076,1909f56bfc062723c751e8b465ee728b)
Start importing Assets/TextMesh Pro/Fonts/LiberationSans.ttf using Guid(e3265ab4bf004d28a9537516768c1c75) Importer(815301076,1909f56bfc062723c751e8b465ee728b)  -> (artifact id: 'bdddd331c3f1b7826858a8d92db67e39') in 0.054215 seconds 
  Import took 0.056383 seconds .

========================================================================
Received Import Request.
  Time since last request: 5.146375 seconds.
  path: Assets/TextMesh Pro/Examples & Extras/Fonts
  artifactKey: Guid(b63e0053080646b9819789bf3bf9fa17) Importer(815301076,1909f56bfc062723c751e8b465ee728b)
Start importing Assets/TextMesh Pro/Examples & Extras/Fonts using Guid(b63e0053080646b9819789bf3bf9fa17) Importer(815301076,1909f56bfc062723c751e8b465ee728b)  -> (artifact id: '0438bf6cd03601537939cd04c15a122c') in 0.001415 seconds 
  Import took 0.003440 seconds .

========================================================================
Received Import Request.
  Time since last request: 0.344572 seconds.
  path: Assets/TextMesh Pro/Examples & Extras/Fonts/Anton.ttf
  artifactKey: Guid(997a43b767814dd0a7642ec9b78cba41) Importer(815301076,1909f56bfc062723c751e8b465ee728b)
Start importing Assets/TextMesh Pro/Examples & Extras/Fonts/Anton.ttf using Guid(997a43b767814dd0a7642ec9b78cba41) Importer(815301076,1909f56bfc062723c751e8b465ee728b)  -> (artifact id: 'a682bbb39787555d96ca66a99595bfc7') in 0.009408 seconds 
  Import took 0.011520 seconds .

========================================================================
Received Import Request.
  Time since last request: 0.000139 seconds.
  path: Assets/TextMesh Pro/Examples & Extras/Fonts/Oswald-Bold.ttf
  artifactKey: Guid(c9f6d0e7bc8541498c9a4799ba184ede) Importer(815301076,1909f56bfc062723c751e8b465ee728b)
Start importing Assets/TextMesh Pro/Examples & Extras/Fonts/Oswald-Bold.ttf using Guid(c9f6d0e7bc8541498c9a4799ba184ede) Importer(815301076,1909f56bfc062723c751e8b465ee728b)  -> (artifact id: '9d313bcea6b6ddf2c8c0bdfd1fb81dfc') in 0.022630 seconds 
  Import took 0.024520 seconds .

========================================================================
Received Import Request.
  Time since last request: 0.000195 seconds.
  path: Assets/TextMesh Pro/Examples & Extras/Fonts/Roboto-Bold.ttf
  artifactKey: Guid(4beb055f07aaff244873dec698d0363e) Importer(815301076,1909f56bfc062723c751e8b465ee728b)
Start importing Assets/TextMesh Pro/Examples & Extras/Fonts/Roboto-Bold.ttf using Guid(4beb055f07aaff244873dec698d0363e) Importer(815301076,1909f56bfc062723c751e8b465ee728b)  -> (artifact id: '6c0d3d5e9fbf8ba6903c17dcbf477454') in 0.012722 seconds 
  Import took 0.014637 seconds .

========================================================================
Received Import Request.
  Time since last request: 0.000179 seconds.
  path: Assets/TextMesh Pro/Examples & Extras/Fonts/Electronic Highway Sign.TTF
  artifactKey: Guid(8a2b9e2a607dd2143b58c44bc32410b4) Importer(815301076,1909f56bfc062723c751e8b465ee728b)
Start importing Assets/TextMesh Pro/Examples & Extras/Fonts/Electronic Highway Sign.TTF using Guid(8a2b9e2a607dd2143b58c44bc32410b4) Importer(815301076,1909f56bfc062723c751e8b465ee728b)  -> (artifact id: 'e9ac7beed70274322407e6f2201347ab') in 0.012550 seconds 
  Import took 0.014505 seconds .

========================================================================
Received Import Request.
  Time since last request: 0.000180 seconds.
  path: Assets/TextMesh Pro/Examples & Extras/Fonts/Bangers.ttf
  artifactKey: Guid(5dd49b3eacc540408c98eee0de38e0f1) Importer(815301076,1909f56bfc062723c751e8b465ee728b)
Start importing Assets/TextMesh Pro/Examples & Extras/Fonts/Bangers.ttf using Guid(5dd49b3eacc540408c98eee0de38e0f1) Importer(815301076,1909f56bfc062723c751e8b465ee728b)  -> (artifact id: '4bcbddb7e72e92fa3a6f13b2b0717c42') in 0.011192 seconds 
  Import took 0.013136 seconds .

========================================================================
Received Import Request.
  Time since last request: 0.196050 seconds.
  path: Assets/TextMesh Pro/Examples & Extras/Fonts/Anton OFL.txt
  artifactKey: Guid(73a79399807f4e8388c2cbb5494681ca) Importer(815301076,1909f56bfc062723c751e8b465ee728b)
Start importing Assets/TextMesh Pro/Examples & Extras/Fonts/Anton OFL.txt using Guid(73a79399807f4e8388c2cbb5494681ca) Importer(815301076,1909f56bfc062723c751e8b465ee728b)  -> (artifact id: '34ae471cac59107e63156be642792de8') in 0.009021 seconds 
  Import took 0.011242 seconds .

========================================================================
Received Import Request.
  Time since last request: 37.999571 seconds.
  path: Assets/TextMesh Pro/Examples & Extras/Fonts/Gotham-Bold.otf
  artifactKey: Guid(b8b2e78507de79e478415a2b9499a658) Importer(815301076,1909f56bfc062723c751e8b465ee728b)
Start importing Assets/TextMesh Pro/Examples & Extras/Fonts/Gotham-Bold.otf using Guid(b8b2e78507de79e478415a2b9499a658) Importer(815301076,1909f56bfc062723c751e8b465ee728b)  -> (artifact id: '7cc06334e5049f4bf023ec2a58b88033') in 0.011412 seconds 
  Import took 0.013617 seconds .

========================================================================
Received Import Request.
  Time since last request: 0.000146 seconds.
  path: Assets/TextMesh Pro/Examples & Extras/Fonts/GothamLight.ttf
  artifactKey: Guid(3728850d25357ea4a91abfce438b9664) Importer(815301076,1909f56bfc062723c751e8b465ee728b)
Start importing Assets/TextMesh Pro/Examples & Extras/Fonts/GothamLight.ttf using Guid(3728850d25357ea4a91abfce438b9664) Importer(815301076,1909f56bfc062723c751e8b465ee728b)  -> (artifact id: '307660fa63a1bb862e2388f42efab2cf') in 0.015762 seconds 
  Import took 0.018258 seconds .

========================================================================
Received Import Request.
  Time since last request: 0.000173 seconds.
  path: Assets/TextMesh Pro/Examples & Extras/Fonts/GothamBook.ttf
  artifactKey: Guid(58544c9e63531694392909aa80874e99) Importer(815301076,1909f56bfc062723c751e8b465ee728b)
Start importing Assets/TextMesh Pro/Examples & Extras/Fonts/GothamBook.ttf using Guid(58544c9e63531694392909aa80874e99) Importer(815301076,1909f56bfc062723c751e8b465ee728b)  -> (artifact id: '03a778480f781a91e3a1fc49c9ce0892') in 0.013009 seconds 
  Import took 0.015082 seconds .

========================================================================
Received Import Request.
  Time since last request: 16.310521 seconds.
  path: Assets/TextMesh Pro/Examples & Extras/Fonts/Gotham-Bold SDF.asset
  artifactKey: Guid(66724f160bacc6f4ba0434ddd3c6cb8c) Importer(815301076,1909f56bfc062723c751e8b465ee728b)
Start importing Assets/TextMesh Pro/Examples & Extras/Fonts/Gotham-Bold SDF.asset using Guid(66724f160bacc6f4ba0434ddd3c6cb8c) Importer(815301076,1909f56bfc062723c751e8b465ee728b)  -> (artifact id: '94a34a3785df557f5c24e06d832bf6de') in 0.038085 seconds 
  Import took 0.040730 seconds .

========================================================================
Received Import Request.
  Time since last request: 6.938671 seconds.
  path: Assets/TextMesh Pro/Examples & Extras/Fonts/GothamBook SDF.asset
  artifactKey: Guid(7c535b47d962f634c99b0ecbf7216514) Importer(815301076,1909f56bfc062723c751e8b465ee728b)
Start importing Assets/TextMesh Pro/Examples & Extras/Fonts/GothamBook SDF.asset using Guid(7c535b47d962f634c99b0ecbf7216514) Importer(815301076,1909f56bfc062723c751e8b465ee728b)  -> (artifact id: '8a4c34b446f25e713685d4e0b34aa493') in 0.019452 seconds 
  Import took 0.022057 seconds .

========================================================================
Received Import Request.
  Time since last request: 8.521444 seconds.
  path: Assets/TextMesh Pro/Examples & Extras/Fonts/GothamLight SDF.asset
  artifactKey: Guid(c1d7e7a031e49f946b6f9cd1747d6aa1) Importer(815301076,1909f56bfc062723c751e8b465ee728b)
Start importing Assets/TextMesh Pro/Examples & Extras/Fonts/GothamLight SDF.asset using Guid(c1d7e7a031e49f946b6f9cd1747d6aa1) Importer(815301076,1909f56bfc062723c751e8b465ee728b)  -> (artifact id: '9e8731193a10a025b4d122beefdd1a30') in 0.018196 seconds 
  Import took 0.020689 seconds .

========================================================================
Received Import Request.
  Time since last request: 338.365029 seconds.
  path: Assets/Images&Sprites/extraSpacing.png
  artifactKey: Guid(0d7e07a3dcacc6541bab7a35e7f0ce09) Importer(815301076,1909f56bfc062723c751e8b465ee728b)
Start importing Assets/Images&Sprites/extraSpacing.png using Guid(0d7e07a3dcacc6541bab7a35e7f0ce09) Importer(815301076,1909f56bfc062723c751e8b465ee728b)  -> (artifact id: '855e351a62a18ca648d2b4796a2658ec') in 0.009015 seconds 
  Import took 0.011451 seconds .

========================================================================
Received Import Request.
  Time since last request: 0.000166 seconds.
  path: Assets/Images&Sprites/stop.png
  artifactKey: Guid(ea8a8176388388148bc3f179dacb77c3) Importer(815301076,1909f56bfc062723c751e8b465ee728b)
Start importing Assets/Images&Sprites/stop.png using Guid(ea8a8176388388148bc3f179dacb77c3) Importer(815301076,1909f56bfc062723c751e8b465ee728b)  -> (artifact id: '7932de5a2d611a2f821c1771118e5271') in 0.006806 seconds 
  Import took 0.008735 seconds .

========================================================================
Received Import Request.
  Time since last request: 0.000149 seconds.
  path: Assets/Images&Sprites/Play.png
  artifactKey: Guid(401eb5bfc2fcdcf438be237a512feca1) Importer(815301076,1909f56bfc062723c751e8b465ee728b)
Start importing Assets/Images&Sprites/Play.png using Guid(401eb5bfc2fcdcf438be237a512feca1) Importer(815301076,1909f56bfc062723c751e8b465ee728b)  -> (artifact id: 'ab517d2ab20c7cc8ca9641f06e1e879a') in 0.007230 seconds 
  Import took 0.009137 seconds .

========================================================================
Received Import Request.
  Time since last request: 5.412153 seconds.
  path: Assets/Images&Sprites/extraSpacing.png
  artifactKey: Guid(0d7e07a3dcacc6541bab7a35e7f0ce09) Importer(815301076,1909f56bfc062723c751e8b465ee728b)
Start importing Assets/Images&Sprites/extraSpacing.png using Guid(0d7e07a3dcacc6541bab7a35e7f0ce09) Importer(815301076,1909f56bfc062723c751e8b465ee728b)  -> (artifact id: '02d49ca23f8af67cc8e472d6f34f193c') in 0.019061 seconds 
  Import took 0.021226 seconds .

========================================================================
Received Import Request.
  Time since last request: 1138.791089 seconds.
  path: Assets/Images&Sprites/2x
  artifactKey: Guid(97f2146a599c0d047bd01ef4e7820422) Importer(815301076,1909f56bfc062723c751e8b465ee728b)
Start importing Assets/Images&Sprites/2x using Guid(97f2146a599c0d047bd01ef4e7820422) Importer(815301076,1909f56bfc062723c751e8b465ee728b)  -> (artifact id: '512e41fdb12464152f2d2dac0140aa49') in 0.005028 seconds 
  Import took 0.007256 seconds .

========================================================================
Received Import Request.
  Time since last request: 0.083978 seconds.
  path: Assets/Images&Sprites/2x/aleatorio@2x.png
  artifactKey: Guid(8b28bf7b748b6264685a86be27f24f05) Importer(815301076,1909f56bfc062723c751e8b465ee728b)
Start importing Assets/Images&Sprites/2x/aleatorio@2x.png using Guid(8b28bf7b748b6264685a86be27f24f05) Importer(815301076,1909f56bfc062723c751e8b465ee728b)  -> (artifact id: 'ed892e778b10d8b9f5a885f24ec59e6b') in 0.009226 seconds 
  Import took 0.011419 seconds .

========================================================================
Received Import Request.
  Time since last request: 0.000139 seconds.
  path: Assets/Images&Sprites/2x/pausa@2x.png
  artifactKey: Guid(f3d9978973e552d40aa6adf1ff4d9a96) Importer(815301076,1909f56bfc062723c751e8b465ee728b)
Start importing Assets/Images&Sprites/2x/pausa@2x.png using Guid(f3d9978973e552d40aa6adf1ff4d9a96) Importer(815301076,1909f56bfc062723c751e8b465ee728b)  -> (artifact id: 'dd4fe200182e67a30f54cd4fe72616a2') in 0.006907 seconds 
  Import took 0.009094 seconds .

========================================================================
Received Import Request.
  Time since last request: 0.000168 seconds.
  path: Assets/Images&Sprites/2x/Atrasar@2x.png
  artifactKey: Guid(6ddd24f3171aa2d4586c3076643ed523) Importer(815301076,1909f56bfc062723c751e8b465ee728b)
Start importing Assets/Images&Sprites/2x/Atrasar@2x.png using Guid(6ddd24f3171aa2d4586c3076643ed523) Importer(815301076,1909f56bfc062723c751e8b465ee728b)  -> (artifact id: '48070ea8a0449c0829f117b06c677371') in 0.007222 seconds 
  Import took 0.009316 seconds .

========================================================================
Received Import Request.
  Time since last request: 0.000158 seconds.
  path: Assets/Images&Sprites/2x/Play@2x.png
  artifactKey: Guid(513f470b0d994ad458a586ba4211d7bf) Importer(815301076,1909f56bfc062723c751e8b465ee728b)
Start importing Assets/Images&Sprites/2x/Play@2x.png using Guid(513f470b0d994ad458a586ba4211d7bf) Importer(815301076,1909f56bfc062723c751e8b465ee728b)  -> (artifact id: 'ae9d2450e54bc83dfb339e50f509a7c2') in 0.007128 seconds 
  Import took 0.009034 seconds .

========================================================================
Received Import Request.
  Time since last request: 0.000197 seconds.
  path: Assets/Images&Sprites/2x/Avanzar@2x.png
  artifactKey: Guid(9727973e1bb98d64f9da5687d505df1e) Importer(815301076,1909f56bfc062723c751e8b465ee728b)
Start importing Assets/Images&Sprites/2x/Avanzar@2x.png using Guid(9727973e1bb98d64f9da5687d505df1e) Importer(815301076,1909f56bfc062723c751e8b465ee728b)  -> (artifact id: '90964080803ed94cdaaf124e9fab2453') in 0.006633 seconds 
  Import took 0.008892 seconds .

========================================================================
Received Import Request.
  Time since last request: 0.000153 seconds.
  path: Assets/Images&Sprites/2x/Repetir@2x.png
  artifactKey: Guid(262c8c3ac13885a4b9711dda57de7fd0) Importer(815301076,1909f56bfc062723c751e8b465ee728b)
Start importing Assets/Images&Sprites/2x/Repetir@2x.png using Guid(262c8c3ac13885a4b9711dda57de7fd0) Importer(815301076,1909f56bfc062723c751e8b465ee728b)  -> (artifact id: '8190471801747c475ad7474f4e25f553') in 0.007310 seconds 
  Import took 0.009561 seconds .

========================================================================
Received Import Request.
  Time since last request: 6.163439 seconds.
  path: Assets/Images&Sprites/2x/aleatorio@2x.png
  artifactKey: Guid(8b28bf7b748b6264685a86be27f24f05) Importer(815301076,1909f56bfc062723c751e8b465ee728b)
Start importing Assets/Images&Sprites/2x/aleatorio@2x.png using Guid(8b28bf7b748b6264685a86be27f24f05) Importer(815301076,1909f56bfc062723c751e8b465ee728b)  -> (artifact id: 'e78f37f4bdc4c43969ffebb1ed7123c7') in 0.009912 seconds 
  Import took 0.012054 seconds .

========================================================================
Received Import Request.
  Time since last request: 0.000144 seconds.
  path: Assets/Images&Sprites/2x/pausa@2x.png
  artifactKey: Guid(f3d9978973e552d40aa6adf1ff4d9a96) Importer(815301076,1909f56bfc062723c751e8b465ee728b)
Start importing Assets/Images&Sprites/2x/pausa@2x.png using Guid(f3d9978973e552d40aa6adf1ff4d9a96) Importer(815301076,1909f56bfc062723c751e8b465ee728b)  -> (artifact id: '43e1f964da75feac7e90adbfa4e4a19b') in 0.012355 seconds 
  Import took 0.014231 seconds .

========================================================================
Received Import Request.
  Time since last request: 0.000161 seconds.
  path: Assets/Images&Sprites/2x/Atrasar@2x.png
  artifactKey: Guid(6ddd24f3171aa2d4586c3076643ed523) Importer(815301076,1909f56bfc062723c751e8b465ee728b)
Start importing Assets/Images&Sprites/2x/Atrasar@2x.png using Guid(6ddd24f3171aa2d4586c3076643ed523) Importer(815301076,1909f56bfc062723c751e8b465ee728b)  -> (artifact id: 'b353a50ad53b352b2a90304032c57afc') in 0.008519 seconds 
  Import took 0.010677 seconds .

========================================================================
Received Import Request.
  Time since last request: 0.000147 seconds.
  path: Assets/Images&Sprites/2x/Play@2x.png
  artifactKey: Guid(513f470b0d994ad458a586ba4211d7bf) Importer(815301076,1909f56bfc062723c751e8b465ee728b)
Start importing Assets/Images&Sprites/2x/Play@2x.png using Guid(513f470b0d994ad458a586ba4211d7bf) Importer(815301076,1909f56bfc062723c751e8b465ee728b)  -> (artifact id: 'ae48d01929b361ac5a25037822251325') in 0.010879 seconds 
  Import took 0.012699 seconds .

========================================================================
Received Import Request.
  Time since last request: 0.000137 seconds.
  path: Assets/Images&Sprites/2x/Avanzar@2x.png
  artifactKey: Guid(9727973e1bb98d64f9da5687d505df1e) Importer(815301076,1909f56bfc062723c751e8b465ee728b)
Start importing Assets/Images&Sprites/2x/Avanzar@2x.png using Guid(9727973e1bb98d64f9da5687d505df1e) Importer(815301076,1909f56bfc062723c751e8b465ee728b)  -> (artifact id: 'fc9854157c789449cbe1c0580067adcc') in 0.008045 seconds 
  Import took 0.009925 seconds .

========================================================================
Received Import Request.
  Time since last request: 0.000197 seconds.
  path: Assets/Images&Sprites/2x/Repetir@2x.png
  artifactKey: Guid(262c8c3ac13885a4b9711dda57de7fd0) Importer(815301076,1909f56bfc062723c751e8b465ee728b)
Start importing Assets/Images&Sprites/2x/Repetir@2x.png using Guid(262c8c3ac13885a4b9711dda57de7fd0) Importer(815301076,1909f56bfc062723c751e8b465ee728b)  -> (artifact id: '5e328ee9151d8cc805721439f107c234') in 0.009368 seconds 
  Import took 0.011519 seconds .

========================================================================
Received Prepare
Registering precompiled user dll's ...
Registered in 0.001457 seconds.
Begin MonoManager ReloadAssembly
Native extension for WindowsStandalone target not found
Refreshing native plugins compatible for Editor in 0.31 ms, found 2 plugins.
Preloading 0 native plugins for Editor in 0.00 ms.
Mono: successfully reloaded assembly
- Completed reload, in  0.730 seconds
Domain Reload Profiling:
	ReloadAssembly (730ms)
		BeginReloadAssembly (99ms)
			ExecutionOrderSort (0ms)
			DisableScriptedObjects (3ms)
			BackupInstance (0ms)
			ReleaseScriptingObjects (0ms)
			CreateAndSetChildDomain (30ms)
		EndReloadAssembly (577ms)
			LoadAssemblies (64ms)
			RebuildTransferFunctionScriptingTraits (0ms)
			SetupTypeCache (206ms)
			ReleaseScriptCaches (1ms)
			RebuildScriptCaches (30ms)
			SetupLoadedEditorAssemblies (201ms)
				LogAssemblyErrors (0ms)
				InitializePlatformSupportModulesInManaged (4ms)
				SetLoadedEditorAssemblies (0ms)
				RefreshPlugins (0ms)
				BeforeProcessingInitializeOnLoad (37ms)
				ProcessInitializeOnLoadAttributes (151ms)
				ProcessInitializeOnLoadMethodAttributes (3ms)
				AfterProcessingInitializeOnLoad (5ms)
				EditorAssembliesLoaded (0ms)
			ExecutionOrderSort2 (0ms)
			AwakeInstancesAfterBackupRestoration (5ms)
Platform modules already initialized, skipping
Refreshing native plugins compatible for Editor in 0.31 ms, found 2 plugins.
Preloading 0 native plugins for Editor in 0.00 ms.
Unloading 1439 Unused Serialized files (Serialized files now loaded: 0)
System memory in use before: 71.4 MB.
System memory in use after: 71.0 MB.

Unloading 22 unused Assets to reduce memory usage. Loaded Objects now: 1948.
Total: 2.637400 ms (FindLiveObjects: 0.137700 ms CreateObjectMapping: 0.032200 ms MarkObjects: 2.179300 ms  DeleteObjects: 0.286900 ms)

AssetImportParameters requested are different than current active one (requested -> active):
  custom:framework-win-MediaFoundation: 216162199b28c13a410421893ffa2e32 -> 
  custom:video-decoder-ogg-theora: a1e56fd34408186e4bbccfd4996cb3dc -> 
  custom:container-muxer-webm: aa71ff27fc2769a1b78a27578f13a17b -> 
  custom:container-demuxer-webm: 4f35f7cbe854078d1ac9338744f61a02 -> 
  custom:container-demuxer-ogg: 62fdf1f143b41e24485cea50d1cbac27 -> 
  custom:video-encoder-webm-vp8: eb34c28f22e8b96e1ab97ce403110664 -> 
  custom:video-decoder-webm-vp8: 9c59270c3fd7afecdb556c50c9e8de78 -> 
  custom:audio-decoder-ogg-vorbis: bf7c407c2cedff20999df2af8eb42d56 -> 
  custom:audio-encoder-webm-vorbis: bf7c407c2cedff20999df2af8eb42d56 -> 
========================================================================
Received Prepare
Registering precompiled user dll's ...
Registered in 0.001544 seconds.
Begin MonoManager ReloadAssembly
Native extension for WindowsStandalone target not found
Refreshing native plugins compatible for Editor in 0.29 ms, found 2 plugins.
Preloading 0 native plugins for Editor in 0.00 ms.
Mono: successfully reloaded assembly
- Completed reload, in  0.733 seconds
Domain Reload Profiling:
	ReloadAssembly (733ms)
		BeginReloadAssembly (101ms)
			ExecutionOrderSort (0ms)
			DisableScriptedObjects (4ms)
			BackupInstance (0ms)
			ReleaseScriptingObjects (0ms)
			CreateAndSetChildDomain (25ms)
		EndReloadAssembly (578ms)
			LoadAssemblies (64ms)
			RebuildTransferFunctionScriptingTraits (0ms)
			SetupTypeCache (206ms)
			ReleaseScriptCaches (1ms)
			RebuildScriptCaches (30ms)
			SetupLoadedEditorAssemblies (202ms)
				LogAssemblyErrors (0ms)
				InitializePlatformSupportModulesInManaged (4ms)
				SetLoadedEditorAssemblies (0ms)
				RefreshPlugins (0ms)
				BeforeProcessingInitializeOnLoad (38ms)
				ProcessInitializeOnLoadAttributes (151ms)
				ProcessInitializeOnLoadMethodAttributes (3ms)
				AfterProcessingInitializeOnLoad (5ms)
				EditorAssembliesLoaded (0ms)
			ExecutionOrderSort2 (0ms)
			AwakeInstancesAfterBackupRestoration (5ms)
Platform modules already initialized, skipping
Refreshing native plugins compatible for Editor in 0.29 ms, found 2 plugins.
Preloading 0 native plugins for Editor in 0.00 ms.
Unloading 1437 Unused Serialized files (Serialized files now loaded: 0)
System memory in use before: 71.3 MB.
System memory in use after: 70.8 MB.

Unloading 22 unused Assets to reduce memory usage. Loaded Objects now: 1950.
Total: 2.723400 ms (FindLiveObjects: 0.138900 ms CreateObjectMapping: 0.038600 ms MarkObjects: 2.300500 ms  DeleteObjects: 0.243800 ms)

AssetImportParameters requested are different than current active one (requested -> active):
  custom:framework-win-MediaFoundation: 216162199b28c13a410421893ffa2e32 -> 
  custom:video-decoder-ogg-theora: a1e56fd34408186e4bbccfd4996cb3dc -> 
  custom:container-muxer-webm: aa71ff27fc2769a1b78a27578f13a17b -> 
  custom:container-demuxer-webm: 4f35f7cbe854078d1ac9338744f61a02 -> 
  custom:container-demuxer-ogg: 62fdf1f143b41e24485cea50d1cbac27 -> 
  custom:video-encoder-webm-vp8: eb34c28f22e8b96e1ab97ce403110664 -> 
  custom:video-decoder-webm-vp8: 9c59270c3fd7afecdb556c50c9e8de78 -> 
  custom:audio-decoder-ogg-vorbis: bf7c407c2cedff20999df2af8eb42d56 -> 
  custom:audio-encoder-webm-vorbis: bf7c407c2cedff20999df2af8eb42d56 -> 
========================================================================
Received Prepare
Registering precompiled user dll's ...
Registered in 0.001514 seconds.
Begin MonoManager ReloadAssembly
Native extension for WindowsStandalone target not found
Refreshing native plugins compatible for Editor in 0.30 ms, found 2 plugins.
Preloading 0 native plugins for Editor in 0.00 ms.
Mono: successfully reloaded assembly
- Completed reload, in  0.712 seconds
Domain Reload Profiling:
	ReloadAssembly (712ms)
		BeginReloadAssembly (81ms)
			ExecutionOrderSort (0ms)
			DisableScriptedObjects (3ms)
			BackupInstance (0ms)
			ReleaseScriptingObjects (0ms)
			CreateAndSetChildDomain (23ms)
		EndReloadAssembly (578ms)
			LoadAssemblies (64ms)
			RebuildTransferFunctionScriptingTraits (0ms)
			SetupTypeCache (209ms)
			ReleaseScriptCaches (1ms)
			RebuildScriptCaches (29ms)
			SetupLoadedEditorAssemblies (199ms)
				LogAssemblyErrors (0ms)
				InitializePlatformSupportModulesInManaged (4ms)
				SetLoadedEditorAssemblies (0ms)
				RefreshPlugins (0ms)
				BeforeProcessingInitializeOnLoad (37ms)
				ProcessInitializeOnLoadAttributes (150ms)
				ProcessInitializeOnLoadMethodAttributes (3ms)
				AfterProcessingInitializeOnLoad (5ms)
				EditorAssembliesLoaded (0ms)
			ExecutionOrderSort2 (0ms)
			AwakeInstancesAfterBackupRestoration (5ms)
Platform modules already initialized, skipping
Refreshing native plugins compatible for Editor in 0.27 ms, found 2 plugins.
Preloading 0 native plugins for Editor in 0.00 ms.
Unloading 1437 Unused Serialized files (Serialized files now loaded: 0)
System memory in use before: 71.3 MB.
System memory in use after: 70.8 MB.

Unloading 22 unused Assets to reduce memory usage. Loaded Objects now: 1952.
Total: 2.557900 ms (FindLiveObjects: 0.127300 ms CreateObjectMapping: 0.031600 ms MarkObjects: 2.179400 ms  DeleteObjects: 0.218900 ms)

AssetImportParameters requested are different than current active one (requested -> active):
  custom:framework-win-MediaFoundation: 216162199b28c13a410421893ffa2e32 -> 
  custom:video-decoder-ogg-theora: a1e56fd34408186e4bbccfd4996cb3dc -> 
  custom:container-muxer-webm: aa71ff27fc2769a1b78a27578f13a17b -> 
  custom:container-demuxer-webm: 4f35f7cbe854078d1ac9338744f61a02 -> 
  custom:container-demuxer-ogg: 62fdf1f143b41e24485cea50d1cbac27 -> 
  custom:video-encoder-webm-vp8: eb34c28f22e8b96e1ab97ce403110664 -> 
  custom:video-decoder-webm-vp8: 9c59270c3fd7afecdb556c50c9e8de78 -> 
  custom:audio-decoder-ogg-vorbis: bf7c407c2cedff20999df2af8eb42d56 -> 
  custom:audio-encoder-webm-vorbis: bf7c407c2cedff20999df2af8eb42d56 -> 
AssetImportWorkerClient::OnTransportError - code=2 error=End of file
